app/build/intermediates/manifest_merge_blame_file/release/manifest-merger-blame-release-report.txt
1<?xml version="1.0" encoding="utf-8"?>
2<manifest xmlns:android="http://schemas.android.com/apk/res/android"
3    package="com.matthaigh27.chatgptwrapper"
4    android:versionCode="1"
5    android:versionName="1.5" >
6
7    <uses-sdk
8        android:minSdkVersion="28"
8-->src/main/AndroidManifest.xml
9        android:targetSdkVersion="33" />
9-->src/main/AndroidManifest.xml
10
11    <uses-permission android:name="android.permission.INTERNET" />
11-->src/main/AndroidManifest.xml:5:5-67
11-->src/main/AndroidManifest.xml:5:22-64
12    <uses-permission android:name="android.permission.POST_NOTIFICATIONS" />
12-->src/main/AndroidManifest.xml:6:5-77
12-->src/main/AndroidManifest.xml:6:22-74
13    <!-- Create a unique permission for your app and use it so only your app can receive your OneSignal messages. -->
14    <permission
14-->[com.onesignal:notifications:5.4.0] AndroidManifest.xml:8:5-10:47
15        android:name="com.matthaigh27.chatgptwrapper.permission.C2D_MESSAGE"
15-->[com.onesignal:notifications:5.4.0] AndroidManifest.xml:9:9-63
16        android:protectionLevel="signature" />
16-->[com.onesignal:notifications:5.4.0] AndroidManifest.xml:10:9-44
17
18    <uses-permission android:name="com.matthaigh27.chatgptwrapper.permission.C2D_MESSAGE" /> <!-- Required, makes sure notifications are delivered on time. -->
18-->[com.onesignal:notifications:5.4.0] AndroidManifest.xml:12:5-79
18-->[com.onesignal:notifications:5.4.0] AndroidManifest.xml:12:22-76
19    <uses-permission android:name="android.permission.WAKE_LOCK" /> <!-- c2dm RECEIVE are basic requirements for push messages through Google's FCM -->
19-->[com.onesignal:notifications:5.4.0] AndroidManifest.xml:16:5-68
19-->[com.onesignal:notifications:5.4.0] AndroidManifest.xml:16:22-65
20    <uses-permission android:name="com.google.android.c2dm.permission.RECEIVE" />
20-->[com.onesignal:notifications:5.4.0] AndroidManifest.xml:17:5-82
20-->[com.onesignal:notifications:5.4.0] AndroidManifest.xml:17:22-79
21    <!--
22 Required so the device vibrates on receiving a push notification.
23         Vibration settings of the device still apply.
24    -->
25    <uses-permission android:name="android.permission.VIBRATE" />
25-->[com.onesignal:notifications:5.4.0] AndroidManifest.xml:22:5-66
25-->[com.onesignal:notifications:5.4.0] AndroidManifest.xml:22:22-63
26    <!--
27 Use to restore notifications the user hasn't interacted with.
28     They could be missed notifications if the user reboots their device if this isn't in place.
29    -->
30    <uses-permission android:name="android.permission.RECEIVE_BOOT_COMPLETED" /> <!-- START: ShortcutBadger -->
30-->[com.onesignal:notifications:5.4.0] AndroidManifest.xml:27:5-81
30-->[com.onesignal:notifications:5.4.0] AndroidManifest.xml:27:22-78
31    <!-- Samsung -->
32    <uses-permission android:name="com.sec.android.provider.badge.permission.READ" />
32-->[com.onesignal:notifications:5.4.0] AndroidManifest.xml:29:5-86
32-->[com.onesignal:notifications:5.4.0] AndroidManifest.xml:29:22-83
33    <uses-permission android:name="com.sec.android.provider.badge.permission.WRITE" /> <!-- HTC -->
33-->[com.onesignal:notifications:5.4.0] AndroidManifest.xml:30:5-87
33-->[com.onesignal:notifications:5.4.0] AndroidManifest.xml:30:22-84
34    <uses-permission android:name="com.htc.launcher.permission.READ_SETTINGS" />
34-->[com.onesignal:notifications:5.4.0] AndroidManifest.xml:31:5-81
34-->[com.onesignal:notifications:5.4.0] AndroidManifest.xml:31:22-78
35    <uses-permission android:name="com.htc.launcher.permission.UPDATE_SHORTCUT" /> <!-- Sony -->
35-->[com.onesignal:notifications:5.4.0] AndroidManifest.xml:32:5-83
35-->[com.onesignal:notifications:5.4.0] AndroidManifest.xml:32:22-80
36    <uses-permission android:name="com.sonyericsson.home.permission.BROADCAST_BADGE" />
36-->[com.onesignal:notifications:5.4.0] AndroidManifest.xml:33:5-88
36-->[com.onesignal:notifications:5.4.0] AndroidManifest.xml:33:22-85
37    <uses-permission android:name="com.sonymobile.home.permission.PROVIDER_INSERT_BADGE" /> <!-- Apex -->
37-->[com.onesignal:notifications:5.4.0] AndroidManifest.xml:34:5-92
37-->[com.onesignal:notifications:5.4.0] AndroidManifest.xml:34:22-89
38    <uses-permission android:name="com.anddoes.launcher.permission.UPDATE_COUNT" /> <!-- Solid -->
38-->[com.onesignal:notifications:5.4.0] AndroidManifest.xml:35:5-84
38-->[com.onesignal:notifications:5.4.0] AndroidManifest.xml:35:22-81
39    <uses-permission android:name="com.majeur.launcher.permission.UPDATE_BADGE" /> <!-- Huawei -->
39-->[com.onesignal:notifications:5.4.0] AndroidManifest.xml:36:5-83
39-->[com.onesignal:notifications:5.4.0] AndroidManifest.xml:36:22-80
40    <uses-permission android:name="com.huawei.android.launcher.permission.CHANGE_BADGE" />
40-->[com.onesignal:notifications:5.4.0] AndroidManifest.xml:37:5-91
40-->[com.onesignal:notifications:5.4.0] AndroidManifest.xml:37:22-88
41    <uses-permission android:name="com.huawei.android.launcher.permission.READ_SETTINGS" />
41-->[com.onesignal:notifications:5.4.0] AndroidManifest.xml:38:5-92
41-->[com.onesignal:notifications:5.4.0] AndroidManifest.xml:38:22-89
42    <uses-permission android:name="com.huawei.android.launcher.permission.WRITE_SETTINGS" /> <!-- ZUK -->
42-->[com.onesignal:notifications:5.4.0] AndroidManifest.xml:39:5-93
42-->[com.onesignal:notifications:5.4.0] AndroidManifest.xml:39:22-90
43    <uses-permission android:name="android.permission.READ_APP_BADGE" /> <!-- OPPO -->
43-->[com.onesignal:notifications:5.4.0] AndroidManifest.xml:40:5-73
43-->[com.onesignal:notifications:5.4.0] AndroidManifest.xml:40:22-70
44    <uses-permission android:name="com.oppo.launcher.permission.READ_SETTINGS" />
44-->[com.onesignal:notifications:5.4.0] AndroidManifest.xml:41:5-82
44-->[com.onesignal:notifications:5.4.0] AndroidManifest.xml:41:22-79
45    <uses-permission android:name="com.oppo.launcher.permission.WRITE_SETTINGS" /> <!-- EvMe -->
45-->[com.onesignal:notifications:5.4.0] AndroidManifest.xml:42:5-83
45-->[com.onesignal:notifications:5.4.0] AndroidManifest.xml:42:22-80
46    <uses-permission android:name="me.everything.badger.permission.BADGE_COUNT_READ" />
46-->[com.onesignal:notifications:5.4.0] AndroidManifest.xml:43:5-88
46-->[com.onesignal:notifications:5.4.0] AndroidManifest.xml:43:22-85
47    <uses-permission android:name="me.everything.badger.permission.BADGE_COUNT_WRITE" />
47-->[com.onesignal:notifications:5.4.0] AndroidManifest.xml:44:5-89
47-->[com.onesignal:notifications:5.4.0] AndroidManifest.xml:44:22-86
48    <uses-permission android:name="android.permission.ACCESS_NETWORK_STATE" />
48-->[com.onesignal:core:5.4.0] AndroidManifest.xml:8:5-79
48-->[com.onesignal:core:5.4.0] AndroidManifest.xml:8:22-76
49    <uses-permission android:name="android.permission.FOREGROUND_SERVICE" />
49-->[androidx.work:work-runtime:2.8.1] AndroidManifest.xml:26:5-77
49-->[androidx.work:work-runtime:2.8.1] AndroidManifest.xml:26:22-74
50
51    <permission
51-->[androidx.core:core:1.10.0] AndroidManifest.xml:22:5-24:47
52        android:name="com.matthaigh27.chatgptwrapper.DYNAMIC_RECEIVER_NOT_EXPORTED_PERMISSION"
52-->[androidx.core:core:1.10.0] AndroidManifest.xml:23:9-81
53        android:protectionLevel="signature" />
53-->[androidx.core:core:1.10.0] AndroidManifest.xml:24:9-44
54
55    <uses-permission android:name="com.matthaigh27.chatgptwrapper.DYNAMIC_RECEIVER_NOT_EXPORTED_PERMISSION" />
55-->[androidx.core:core:1.10.0] AndroidManifest.xml:26:5-97
55-->[androidx.core:core:1.10.0] AndroidManifest.xml:26:22-94
56
57    <application
57-->src/main/AndroidManifest.xml:8:5-34:19
58        android:name="com.matthaigh27.chatgptwrapper.MyApplication"
58-->src/main/AndroidManifest.xml:9:9-38
59        android:appComponentFactory="androidx.core.app.CoreComponentFactory"
59-->[androidx.core:core:1.10.0] AndroidManifest.xml:28:18-86
60        android:enableOnBackInvokedCallback="true"
60-->src/main/AndroidManifest.xml:11:9-51
61        android:extractNativeLibs="false"
62        android:hardwareAccelerated="true"
62-->src/main/AndroidManifest.xml:10:9-43
63        android:icon="@mipmap/gpt_icon"
63-->src/main/AndroidManifest.xml:12:9-40
64        android:label="@string/app_name"
64-->src/main/AndroidManifest.xml:13:9-41
65        android:roundIcon="@mipmap/gpt_icon_round"
65-->src/main/AndroidManifest.xml:14:9-51
66        android:supportsRtl="true"
66-->src/main/AndroidManifest.xml:15:9-35
67        android:theme="@style/Theme.AppCompat" >
67-->src/main/AndroidManifest.xml:16:9-47
68        <activity
68-->src/main/AndroidManifest.xml:17:9-24:20
69            android:name="com.matthaigh27.chatgptwrapper.MainActivity"
69-->src/main/AndroidManifest.xml:18:13-41
70            android:exported="true" >
70-->src/main/AndroidManifest.xml:19:13-36
71            <intent-filter>
71-->src/main/AndroidManifest.xml:20:13-23:29
72                <action android:name="android.intent.action.MAIN" />
72-->src/main/AndroidManifest.xml:21:17-69
72-->src/main/AndroidManifest.xml:21:25-66
73
74                <category android:name="android.intent.category.DEFAULT" />
74-->src/main/AndroidManifest.xml:22:17-76
74-->src/main/AndroidManifest.xml:22:27-73
75            </intent-filter>
76        </activity>
77        <activity
77-->src/main/AndroidManifest.xml:25:9-33:20
78            android:name="com.matthaigh27.chatgptwrapper.SplashScreenActivity"
78-->src/main/AndroidManifest.xml:26:13-49
79            android:exported="true"
79-->src/main/AndroidManifest.xml:27:13-36
80            android:theme="@style/Theme.AppCompat.NoActionBar" >
80-->src/main/AndroidManifest.xml:28:13-63
81            <intent-filter>
81-->src/main/AndroidManifest.xml:29:13-32:29
82                <action android:name="android.intent.action.MAIN" />
82-->src/main/AndroidManifest.xml:21:17-69
82-->src/main/AndroidManifest.xml:21:25-66
83
84                <category android:name="android.intent.category.LAUNCHER" />
84-->src/main/AndroidManifest.xml:31:17-77
84-->src/main/AndroidManifest.xml:31:27-74
85            </intent-filter>
86        </activity>
87
88        <receiver
88-->[com.onesignal:notifications:5.4.0] AndroidManifest.xml:47:9-58:20
89            android:name="com.onesignal.notifications.receivers.FCMBroadcastReceiver"
89-->[com.onesignal:notifications:5.4.0] AndroidManifest.xml:48:13-86
90            android:exported="true"
90-->[com.onesignal:notifications:5.4.0] AndroidManifest.xml:49:13-36
91            android:permission="com.google.android.c2dm.permission.SEND" >
91-->[com.onesignal:notifications:5.4.0] AndroidManifest.xml:50:13-73
92
93            <!-- High priority so OneSignal payloads can be filtered from other FCM receivers -->
94            <intent-filter android:priority="999" >
94-->[com.onesignal:notifications:5.4.0] AndroidManifest.xml:53:13-57:29
94-->[com.onesignal:notifications:5.4.0] AndroidManifest.xml:53:28-50
95                <action android:name="com.google.android.c2dm.intent.RECEIVE" />
95-->[com.onesignal:notifications:5.4.0] AndroidManifest.xml:54:17-81
95-->[com.onesignal:notifications:5.4.0] AndroidManifest.xml:54:25-78
96
97                <category android:name="com.matthaigh27.chatgptwrapper" />
97-->[com.onesignal:notifications:5.4.0] AndroidManifest.xml:56:17-61
97-->[com.onesignal:notifications:5.4.0] AndroidManifest.xml:56:27-58
98            </intent-filter>
99        </receiver>
100
101        <service
101-->[com.onesignal:notifications:5.4.0] AndroidManifest.xml:60:9-66:19
102            android:name="com.onesignal.notifications.services.HmsMessageServiceOneSignal"
102-->[com.onesignal:notifications:5.4.0] AndroidManifest.xml:61:13-91
103            android:exported="false" >
103-->[com.onesignal:notifications:5.4.0] AndroidManifest.xml:62:13-37
104            <intent-filter>
104-->[com.onesignal:notifications:5.4.0] AndroidManifest.xml:63:13-65:29
105                <action android:name="com.huawei.push.action.MESSAGING_EVENT" />
105-->[com.onesignal:notifications:5.4.0] AndroidManifest.xml:64:17-81
105-->[com.onesignal:notifications:5.4.0] AndroidManifest.xml:64:25-78
106            </intent-filter>
107        </service> <!-- CAUTION: OneSignal backend includes the activity name in the payload, modifying the name without sync may result in notification click not firing -->
108        <activity
108-->[com.onesignal:notifications:5.4.0] AndroidManifest.xml:67:9-75:20
109            android:name="com.onesignal.NotificationOpenedActivityHMS"
109-->[com.onesignal:notifications:5.4.0] AndroidManifest.xml:68:13-71
110            android:exported="true"
110-->[com.onesignal:notifications:5.4.0] AndroidManifest.xml:69:13-36
111            android:noHistory="true"
111-->[com.onesignal:notifications:5.4.0] AndroidManifest.xml:70:13-37
112            android:theme="@android:style/Theme.Translucent.NoTitleBar" >
112-->[com.onesignal:notifications:5.4.0] AndroidManifest.xml:71:13-72
113            <intent-filter>
113-->[com.onesignal:notifications:5.4.0] AndroidManifest.xml:72:13-74:29
114                <action android:name="android.intent.action.VIEW" />
114-->[com.onesignal:notifications:5.4.0] AndroidManifest.xml:73:17-69
114-->[com.onesignal:notifications:5.4.0] AndroidManifest.xml:73:25-66
115            </intent-filter>
116        </activity>
117
118        <receiver
118-->[com.onesignal:notifications:5.4.0] AndroidManifest.xml:77:9-79:39
119            android:name="com.onesignal.notifications.receivers.NotificationDismissReceiver"
119-->[com.onesignal:notifications:5.4.0] AndroidManifest.xml:78:13-93
120            android:exported="true" />
120-->[com.onesignal:notifications:5.4.0] AndroidManifest.xml:79:13-36
121        <receiver
121-->[com.onesignal:notifications:5.4.0] AndroidManifest.xml:80:9-87:20
122            android:name="com.onesignal.notifications.receivers.BootUpReceiver"
122-->[com.onesignal:notifications:5.4.0] AndroidManifest.xml:81:13-80
123            android:exported="true" >
123-->[com.onesignal:notifications:5.4.0] AndroidManifest.xml:82:13-36
124            <intent-filter>
124-->[com.onesignal:notifications:5.4.0] AndroidManifest.xml:83:13-86:29
125                <action android:name="android.intent.action.BOOT_COMPLETED" />
125-->[com.onesignal:notifications:5.4.0] AndroidManifest.xml:84:17-79
125-->[com.onesignal:notifications:5.4.0] AndroidManifest.xml:84:25-76
126                <action android:name="android.intent.action.QUICKBOOT_POWERON" />
126-->[com.onesignal:notifications:5.4.0] AndroidManifest.xml:85:17-82
126-->[com.onesignal:notifications:5.4.0] AndroidManifest.xml:85:25-79
127            </intent-filter>
128        </receiver>
129        <receiver
129-->[com.onesignal:notifications:5.4.0] AndroidManifest.xml:88:9-94:20
130            android:name="com.onesignal.notifications.receivers.UpgradeReceiver"
130-->[com.onesignal:notifications:5.4.0] AndroidManifest.xml:89:13-81
131            android:exported="true" >
131-->[com.onesignal:notifications:5.4.0] AndroidManifest.xml:90:13-36
132            <intent-filter>
132-->[com.onesignal:notifications:5.4.0] AndroidManifest.xml:91:13-93:29
133                <action android:name="android.intent.action.MY_PACKAGE_REPLACED" />
133-->[com.onesignal:notifications:5.4.0] AndroidManifest.xml:92:17-84
133-->[com.onesignal:notifications:5.4.0] AndroidManifest.xml:92:25-81
134            </intent-filter>
135        </receiver>
136
137        <activity
137-->[com.onesignal:notifications:5.4.0] AndroidManifest.xml:96:9-102:75
138            android:name="com.onesignal.notifications.activities.NotificationOpenedActivity"
138-->[com.onesignal:notifications:5.4.0] AndroidManifest.xml:97:13-93
139            android:excludeFromRecents="true"
139-->[com.onesignal:notifications:5.4.0] AndroidManifest.xml:98:13-46
140            android:exported="true"
140-->[com.onesignal:notifications:5.4.0] AndroidManifest.xml:99:13-36
141            android:noHistory="true"
141-->[com.onesignal:notifications:5.4.0] AndroidManifest.xml:100:13-37
142            android:taskAffinity=""
142-->[com.onesignal:notifications:5.4.0] AndroidManifest.xml:101:13-36
143            android:theme="@android:style/Theme.Translucent.NoTitleBar" />
143-->[com.onesignal:notifications:5.4.0] AndroidManifest.xml:102:13-72
144        <activity
144-->[com.onesignal:notifications:5.4.0] AndroidManifest.xml:103:9-108:75
145            android:name="com.onesignal.notifications.activities.NotificationOpenedActivityAndroid22AndOlder"
145-->[com.onesignal:notifications:5.4.0] AndroidManifest.xml:104:13-110
146            android:excludeFromRecents="true"
146-->[com.onesignal:notifications:5.4.0] AndroidManifest.xml:105:13-46
147            android:exported="true"
147-->[com.onesignal:notifications:5.4.0] AndroidManifest.xml:106:13-36
148            android:noHistory="true"
148-->[com.onesignal:notifications:5.4.0] AndroidManifest.xml:107:13-37
149            android:theme="@android:style/Theme.Translucent.NoTitleBar" />
149-->[com.onesignal:notifications:5.4.0] AndroidManifest.xml:108:13-72
150
151        <service
151-->[com.onesignal:core:5.4.0] AndroidManifest.xml:11:9-14:72
152            android:name="com.onesignal.core.services.SyncJobService"
152-->[com.onesignal:core:5.4.0] AndroidManifest.xml:12:13-70
153            android:exported="false"
153-->[com.onesignal:core:5.4.0] AndroidManifest.xml:13:13-37
154            android:permission="android.permission.BIND_JOB_SERVICE" />
154-->[com.onesignal:core:5.4.0] AndroidManifest.xml:14:13-69
155
156        <activity
156-->[com.onesignal:core:5.4.0] AndroidManifest.xml:16:9-19:75
157            android:name="com.onesignal.core.activities.PermissionsActivity"
157-->[com.onesignal:core:5.4.0] AndroidManifest.xml:17:13-77
158            android:exported="false"
158-->[com.onesignal:core:5.4.0] AndroidManifest.xml:18:13-37
159            android:theme="@android:style/Theme.Translucent.NoTitleBar" />
159-->[com.onesignal:core:5.4.0] AndroidManifest.xml:19:13-72
160
161        <receiver
161-->[com.google.firebase:firebase-messaging:23.4.0] AndroidManifest.xml:29:9-40:20
162            android:name="com.google.firebase.iid.FirebaseInstanceIdReceiver"
162-->[com.google.firebase:firebase-messaging:23.4.0] AndroidManifest.xml:30:13-78
163            android:exported="true"
163-->[com.google.firebase:firebase-messaging:23.4.0] AndroidManifest.xml:31:13-36
164            android:permission="com.google.android.c2dm.permission.SEND" >
164-->[com.google.firebase:firebase-messaging:23.4.0] AndroidManifest.xml:32:13-73
165            <intent-filter>
165-->[com.google.firebase:firebase-messaging:23.4.0] AndroidManifest.xml:33:13-35:29
166                <action android:name="com.google.android.c2dm.intent.RECEIVE" />
166-->[com.onesignal:notifications:5.4.0] AndroidManifest.xml:54:17-81
166-->[com.onesignal:notifications:5.4.0] AndroidManifest.xml:54:25-78
167            </intent-filter>
168
169            <meta-data
169-->[com.google.firebase:firebase-messaging:23.4.0] AndroidManifest.xml:37:13-39:40
170                android:name="com.google.android.gms.cloudmessaging.FINISHED_AFTER_HANDLED"
170-->[com.google.firebase:firebase-messaging:23.4.0] AndroidManifest.xml:38:17-92
171                android:value="true" />
171-->[com.google.firebase:firebase-messaging:23.4.0] AndroidManifest.xml:39:17-37
172        </receiver>
173        <!--
174             FirebaseMessagingService performs security checks at runtime,
175             but set to not exported to explicitly avoid allowing another app to call it.
176        -->
177        <service
177-->[com.google.firebase:firebase-messaging:23.4.0] AndroidManifest.xml:46:9-53:19
178            android:name="com.google.firebase.messaging.FirebaseMessagingService"
178-->[com.google.firebase:firebase-messaging:23.4.0] AndroidManifest.xml:47:13-82
179            android:directBootAware="true"
179-->[com.google.firebase:firebase-messaging:23.4.0] AndroidManifest.xml:48:13-43
180            android:exported="false" >
180-->[com.google.firebase:firebase-messaging:23.4.0] AndroidManifest.xml:49:13-37
181            <intent-filter android:priority="-500" >
181-->[com.google.firebase:firebase-messaging:23.4.0] AndroidManifest.xml:50:13-52:29
181-->[com.google.firebase:firebase-messaging:23.4.0] AndroidManifest.xml:50:28-51
182                <action android:name="com.google.firebase.MESSAGING_EVENT" />
182-->[com.google.firebase:firebase-messaging:23.4.0] AndroidManifest.xml:51:17-78
182-->[com.google.firebase:firebase-messaging:23.4.0] AndroidManifest.xml:51:25-75
183            </intent-filter>
184        </service>
185        <service
185-->[com.google.firebase:firebase-messaging:23.4.0] AndroidManifest.xml:54:9-63:19
186            android:name="com.google.firebase.components.ComponentDiscoveryService"
186-->[com.google.firebase:firebase-messaging:23.4.0] AndroidManifest.xml:55:13-84
187            android:directBootAware="true"
187-->[com.google.firebase:firebase-common:20.4.2] AndroidManifest.xml:32:13-43
188            android:exported="false" >
188-->[com.google.firebase:firebase-messaging:23.4.0] AndroidManifest.xml:56:13-37
189            <meta-data
189-->[com.google.firebase:firebase-messaging:23.4.0] AndroidManifest.xml:57:13-59:85
190                android:name="com.google.firebase.components:com.google.firebase.messaging.FirebaseMessagingKtxRegistrar"
190-->[com.google.firebase:firebase-messaging:23.4.0] AndroidManifest.xml:58:17-122
191                android:value="com.google.firebase.components.ComponentRegistrar" />
191-->[com.google.firebase:firebase-messaging:23.4.0] AndroidManifest.xml:59:17-82
192            <meta-data
192-->[com.google.firebase:firebase-messaging:23.4.0] AndroidManifest.xml:60:13-62:85
193                android:name="com.google.firebase.components:com.google.firebase.messaging.FirebaseMessagingRegistrar"
193-->[com.google.firebase:firebase-messaging:23.4.0] AndroidManifest.xml:61:17-119
194                android:value="com.google.firebase.components.ComponentRegistrar" />
194-->[com.google.firebase:firebase-messaging:23.4.0] AndroidManifest.xml:62:17-82
195            <meta-data
195-->[com.google.firebase:firebase-installations:17.2.0] AndroidManifest.xml:15:13-17:85
196                android:name="com.google.firebase.components:com.google.firebase.installations.FirebaseInstallationsKtxRegistrar"
196-->[com.google.firebase:firebase-installations:17.2.0] AndroidManifest.xml:16:17-130
197                android:value="com.google.firebase.components.ComponentRegistrar" />
197-->[com.google.firebase:firebase-installations:17.2.0] AndroidManifest.xml:17:17-82
198            <meta-data
198-->[com.google.firebase:firebase-installations:17.2.0] AndroidManifest.xml:18:13-20:85
199                android:name="com.google.firebase.components:com.google.firebase.installations.FirebaseInstallationsRegistrar"
199-->[com.google.firebase:firebase-installations:17.2.0] AndroidManifest.xml:19:17-127
200                android:value="com.google.firebase.components.ComponentRegistrar" />
200-->[com.google.firebase:firebase-installations:17.2.0] AndroidManifest.xml:20:17-82
201            <meta-data
201-->[com.google.firebase:firebase-common-ktx:20.4.2] AndroidManifest.xml:12:13-14:85
202                android:name="com.google.firebase.components:com.google.firebase.ktx.FirebaseCommonLegacyRegistrar"
202-->[com.google.firebase:firebase-common-ktx:20.4.2] AndroidManifest.xml:13:17-116
203                android:value="com.google.firebase.components.ComponentRegistrar" />
203-->[com.google.firebase:firebase-common-ktx:20.4.2] AndroidManifest.xml:14:17-82
204            <meta-data
204-->[com.google.firebase:firebase-common:20.4.2] AndroidManifest.xml:35:13-37:85
205                android:name="com.google.firebase.components:com.google.firebase.FirebaseCommonKtxRegistrar"
205-->[com.google.firebase:firebase-common:20.4.2] AndroidManifest.xml:36:17-109
206                android:value="com.google.firebase.components.ComponentRegistrar" />
206-->[com.google.firebase:firebase-common:20.4.2] AndroidManifest.xml:37:17-82
207            <meta-data
207-->[com.google.firebase:firebase-datatransport:18.1.7] AndroidManifest.xml:27:13-29:85
208                android:name="com.google.firebase.components:com.google.firebase.datatransport.TransportRegistrar"
208-->[com.google.firebase:firebase-datatransport:18.1.7] AndroidManifest.xml:28:17-115
209                android:value="com.google.firebase.components.ComponentRegistrar" />
209-->[com.google.firebase:firebase-datatransport:18.1.7] AndroidManifest.xml:29:17-82
210        </service>
211
212        <activity
212-->[com.google.android.gms:play-services-base:18.0.1] AndroidManifest.xml:20:9-22:45
213            android:name="com.google.android.gms.common.api.GoogleApiActivity"
213-->[com.google.android.gms:play-services-base:18.0.1] AndroidManifest.xml:20:19-85
214            android:exported="false"
214-->[com.google.android.gms:play-services-base:18.0.1] AndroidManifest.xml:22:19-43
215            android:theme="@android:style/Theme.Translucent.NoTitleBar" />
215-->[com.google.android.gms:play-services-base:18.0.1] AndroidManifest.xml:21:19-78
216
217        <provider
217-->[com.google.firebase:firebase-common:20.4.2] AndroidManifest.xml:23:9-28:39
218            android:name="com.google.firebase.provider.FirebaseInitProvider"
218-->[com.google.firebase:firebase-common:20.4.2] AndroidManifest.xml:24:13-77
219            android:authorities="com.matthaigh27.chatgptwrapper.firebaseinitprovider"
219-->[com.google.firebase:firebase-common:20.4.2] AndroidManifest.xml:25:13-72
220            android:directBootAware="true"
220-->[com.google.firebase:firebase-common:20.4.2] AndroidManifest.xml:26:13-43
221            android:exported="false"
221-->[com.google.firebase:firebase-common:20.4.2] AndroidManifest.xml:27:13-37
222            android:initOrder="100" />
222-->[com.google.firebase:firebase-common:20.4.2] AndroidManifest.xml:28:13-36
223
224        <meta-data
224-->[com.google.android.gms:play-services-basement:18.1.0] AndroidManifest.xml:21:9-23:69
225            android:name="com.google.android.gms.version"
225-->[com.google.android.gms:play-services-basement:18.1.0] AndroidManifest.xml:22:13-58
226            android:value="@integer/google_play_services_version" />
226-->[com.google.android.gms:play-services-basement:18.1.0] AndroidManifest.xml:23:13-66
227
228        <provider
228-->[androidx.work:work-runtime:2.8.1] AndroidManifest.xml:29:9-37:20
229            android:name="androidx.startup.InitializationProvider"
229-->[androidx.work:work-runtime:2.8.1] AndroidManifest.xml:30:13-67
230            android:authorities="com.matthaigh27.chatgptwrapper.androidx-startup"
230-->[androidx.work:work-runtime:2.8.1] AndroidManifest.xml:31:13-68
231            android:exported="false" >
231-->[androidx.work:work-runtime:2.8.1] AndroidManifest.xml:32:13-37
232            <meta-data
232-->[androidx.work:work-runtime:2.8.1] AndroidManifest.xml:34:13-36:52
233                android:name="androidx.work.WorkManagerInitializer"
233-->[androidx.work:work-runtime:2.8.1] AndroidManifest.xml:35:17-68
234                android:value="androidx.startup" />
234-->[androidx.work:work-runtime:2.8.1] AndroidManifest.xml:36:17-49
235            <meta-data
235-->[androidx.emoji2:emoji2:1.2.0] AndroidManifest.xml:29:13-31:52
236                android:name="androidx.emoji2.text.EmojiCompatInitializer"
236-->[androidx.emoji2:emoji2:1.2.0] AndroidManifest.xml:30:17-75
237                android:value="androidx.startup" />
237-->[androidx.emoji2:emoji2:1.2.0] AndroidManifest.xml:31:17-49
238            <meta-data
238-->[androidx.lifecycle:lifecycle-process:2.6.2] AndroidManifest.xml:29:13-31:52
239                android:name="androidx.lifecycle.ProcessLifecycleInitializer"
239-->[androidx.lifecycle:lifecycle-process:2.6.2] AndroidManifest.xml:30:17-78
240                android:value="androidx.startup" />
240-->[androidx.lifecycle:lifecycle-process:2.6.2] AndroidManifest.xml:31:17-49
241            <meta-data
241-->[androidx.profileinstaller:profileinstaller:1.3.0] AndroidManifest.xml:29:13-31:52
242                android:name="androidx.profileinstaller.ProfileInstallerInitializer"
242-->[androidx.profileinstaller:profileinstaller:1.3.0] AndroidManifest.xml:30:17-85
243                android:value="androidx.startup" />
243-->[androidx.profileinstaller:profileinstaller:1.3.0] AndroidManifest.xml:31:17-49
244        </provider>
245
246        <service
246-->[androidx.work:work-runtime:2.8.1] AndroidManifest.xml:39:9-45:35
247            android:name="androidx.work.impl.background.systemalarm.SystemAlarmService"
247-->[androidx.work:work-runtime:2.8.1] AndroidManifest.xml:40:13-88
248            android:directBootAware="false"
248-->[androidx.work:work-runtime:2.8.1] AndroidManifest.xml:41:13-44
249            android:enabled="@bool/enable_system_alarm_service_default"
249-->[androidx.work:work-runtime:2.8.1] AndroidManifest.xml:42:13-72
250            android:exported="false" />
250-->[androidx.work:work-runtime:2.8.1] AndroidManifest.xml:43:13-37
251        <service
251-->[androidx.work:work-runtime:2.8.1] AndroidManifest.xml:46:9-52:35
252            android:name="androidx.work.impl.background.systemjob.SystemJobService"
252-->[androidx.work:work-runtime:2.8.1] AndroidManifest.xml:47:13-84
253            android:directBootAware="false"
253-->[androidx.work:work-runtime:2.8.1] AndroidManifest.xml:48:13-44
254            android:enabled="@bool/enable_system_job_service_default"
254-->[androidx.work:work-runtime:2.8.1] AndroidManifest.xml:49:13-70
255            android:exported="true"
255-->[androidx.work:work-runtime:2.8.1] AndroidManifest.xml:50:13-36
256            android:permission="android.permission.BIND_JOB_SERVICE" />
256-->[androidx.work:work-runtime:2.8.1] AndroidManifest.xml:51:13-69
257        <service
257-->[androidx.work:work-runtime:2.8.1] AndroidManifest.xml:53:9-59:35